2023-05-04 11:33:23,018 [Worker-2: Loading available Gradle versions] INFO  o.e.b.c.i.u.g.PublishedGradleVersions - Gradle version information cache is up-to-date. Trying to read.
2023-05-04 11:36:44,226 [Worker-1: Loading available Gradle versions] INFO  o.e.b.c.i.u.g.PublishedGradleVersions - Gradle version information cache is up-to-date. Trying to read.
2023-05-04 11:37:54,778 [Worker-2: Loading available Gradle versions] INFO  o.e.b.c.i.u.g.PublishedGradleVersions - Gradle version information cache is up-to-date. Trying to read.
2023-05-04 11:39:30,993 [Worker-27: https://ftp.jaist.ac.jp/pub/eclipse/releases/2023-03/202303151000/plugins/org.eclipse.wst.xml.xpath2.wtptypes_2.0.0.v201901071922.jar] INFO  o.a.h.c.h.i.c.HttpRequestRetryExec - Recoverable I/O exception (org.apache.hc.core5.http.NoHttpResponseException) caught when processing request to {s}->https://ftp.jaist.ac.jp:443
2023-05-04 11:39:31,754 [Worker-9: https://ftp.jaist.ac.jp/pub/eclipse/releases/2023-03/202303151000/plugins/org.eclipse.wst.xsd.ui_1.3.600.v202211200019.jar] INFO  o.a.h.c.h.i.c.HttpRequestRetryExec - Recoverable I/O exception (org.apache.hc.core5.http.NoHttpResponseException) caught when processing request to {s}->https://ftp.jaist.ac.jp:443
2023-05-04 11:39:34,290 [Worker-16: https://ftp.jaist.ac.jp/pub/eclipse/releases/2023-03/202303151000/plugins/org.eclipse.xsd_2.19.0.v20230211-1150.jar] INFO  o.a.h.c.h.i.c.HttpRequestRetryExec - Recoverable I/O exception (org.apache.hc.core5.http.NoHttpResponseException) caught when processing request to {s}->https://ftp.jaist.ac.jp:443
2023-05-04 11:39:56,246 [Worker-1: Loading available Gradle versions] INFO  o.e.b.c.i.u.g.PublishedGradleVersions - Gradle version information cache is up-to-date. Trying to read.
2023-05-04 11:41:00,188 [Worker-16: Launching mavenrun-8989b8de-4c43-45d2-9cee-89813ab14984] INFO  o.eclipse.m2e.core.internal.Bundles - getClasspathEntries(Bundle=org.eclipse.m2e.maven.runtime_3.8.701.20230209-1606 [267])
2023-05-04 11:41:00,191 [Worker-16: Launching mavenrun-8989b8de-4c43-45d2-9cee-89813ab14984] INFO  o.eclipse.m2e.core.internal.Bundles - 	Entry: /home/saurav/.p2/pool/plugins/org.eclipse.m2e.maven.runtime_3.8.701.20230209-1606
2023-05-04 11:41:00,192 [Worker-16: Launching mavenrun-8989b8de-4c43-45d2-9cee-89813ab14984] INFO  o.eclipse.m2e.core.internal.Bundles - 	Entry: /home/saurav/.p2/pool/plugins/org.eclipse.m2e.maven.runtime_3.8.701.20230209-1606/jars/aether-connector-okhttp-0.17.8.jar
2023-05-04 11:41:00,192 [Worker-16: Launching mavenrun-8989b8de-4c43-45d2-9cee-89813ab14984] INFO  o.eclipse.m2e.core.internal.Bundles - 	Entry: /home/saurav/.p2/pool/plugins/org.eclipse.m2e.maven.runtime_3.8.701.20230209-1606/jars/commons-lang3-3.8.1.jar
2023-05-04 11:41:00,192 [Worker-16: Launching mavenrun-8989b8de-4c43-45d2-9cee-89813ab14984] INFO  o.eclipse.m2e.core.internal.Bundles - 	Entry: /home/saurav/.p2/pool/plugins/org.eclipse.m2e.maven.runtime_3.8.701.20230209-1606/jars/guice-4.2.2-no_aop.jar
2023-05-04 11:41:00,192 [Worker-16: Launching mavenrun-8989b8de-4c43-45d2-9cee-89813ab14984] INFO  o.eclipse.m2e.core.internal.Bundles - 	Entry: /home/saurav/.p2/pool/plugins/org.eclipse.m2e.maven.runtime_3.8.701.20230209-1606/jars/jansi-2.4.0.jar
2023-05-04 11:41:00,192 [Worker-16: Launching mavenrun-8989b8de-4c43-45d2-9cee-89813ab14984] INFO  o.eclipse.m2e.core.internal.Bundles - 	Entry: /home/saurav/.p2/pool/plugins/org.eclipse.m2e.maven.runtime_3.8.701.20230209-1606/jars/maven-artifact-3.8.7.jar
2023-05-04 11:41:00,192 [Worker-16: Launching mavenrun-8989b8de-4c43-45d2-9cee-89813ab14984] INFO  o.eclipse.m2e.core.internal.Bundles - 	Entry: /home/saurav/.p2/pool/plugins/org.eclipse.m2e.maven.runtime_3.8.701.20230209-1606/jars/maven-builder-support-3.8.7.jar
2023-05-04 11:41:00,192 [Worker-16: Launching mavenrun-8989b8de-4c43-45d2-9cee-89813ab14984] INFO  o.eclipse.m2e.core.internal.Bundles - 	Entry: /home/saurav/.p2/pool/plugins/org.eclipse.m2e.maven.runtime_3.8.701.20230209-1606/jars/maven-compat-3.8.7.jar
2023-05-04 11:41:00,192 [Worker-16: Launching mavenrun-8989b8de-4c43-45d2-9cee-89813ab14984] INFO  o.eclipse.m2e.core.internal.Bundles - 	Entry: /home/saurav/.p2/pool/plugins/org.eclipse.m2e.maven.runtime_3.8.701.20230209-1606/jars/maven-core-3.8.7.jar
2023-05-04 11:41:00,192 [Worker-16: Launching mavenrun-8989b8de-4c43-45d2-9cee-89813ab14984] INFO  o.eclipse.m2e.core.internal.Bundles - 	Entry: /home/saurav/.p2/pool/plugins/org.eclipse.m2e.maven.runtime_3.8.701.20230209-1606/jars/maven-embedder-3.8.7.jar
2023-05-04 11:41:00,192 [Worker-16: Launching mavenrun-8989b8de-4c43-45d2-9cee-89813ab14984] INFO  o.eclipse.m2e.core.internal.Bundles - 	Entry: /home/saurav/.p2/pool/plugins/org.eclipse.m2e.maven.runtime_3.8.701.20230209-1606/jars/maven-model-3.8.7.jar
2023-05-04 11:41:00,192 [Worker-16: Launching mavenrun-8989b8de-4c43-45d2-9cee-89813ab14984] INFO  o.eclipse.m2e.core.internal.Bundles - 	Entry: /home/saurav/.p2/pool/plugins/org.eclipse.m2e.maven.runtime_3.8.701.20230209-1606/jars/maven-model-builder-3.8.7.jar
2023-05-04 11:41:00,192 [Worker-16: Launching mavenrun-8989b8de-4c43-45d2-9cee-89813ab14984] INFO  o.eclipse.m2e.core.internal.Bundles - 	Entry: /home/saurav/.p2/pool/plugins/org.eclipse.m2e.maven.runtime_3.8.701.20230209-1606/jars/maven-plugin-api-3.8.7.jar
2023-05-04 11:41:00,192 [Worker-16: Launching mavenrun-8989b8de-4c43-45d2-9cee-89813ab14984] INFO  o.eclipse.m2e.core.internal.Bundles - 	Entry: /home/saurav/.p2/pool/plugins/org.eclipse.m2e.maven.runtime_3.8.701.20230209-1606/jars/maven-repository-metadata-3.8.7.jar
2023-05-04 11:41:00,192 [Worker-16: Launching mavenrun-8989b8de-4c43-45d2-9cee-89813ab14984] INFO  o.eclipse.m2e.core.internal.Bundles - 	Entry: /home/saurav/.p2/pool/plugins/org.eclipse.m2e.maven.runtime_3.8.701.20230209-1606/jars/maven-resolver-api-1.6.3.jar
2023-05-04 11:41:00,192 [Worker-16: Launching mavenrun-8989b8de-4c43-45d2-9cee-89813ab14984] INFO  o.eclipse.m2e.core.internal.Bundles - 	Entry: /home/saurav/.p2/pool/plugins/org.eclipse.m2e.maven.runtime_3.8.701.20230209-1606/jars/maven-resolver-connector-basic-1.6.3.jar
2023-05-04 11:41:00,192 [Worker-16: Launching mavenrun-8989b8de-4c43-45d2-9cee-89813ab14984] INFO  o.eclipse.m2e.core.internal.Bundles - 	Entry: /home/saurav/.p2/pool/plugins/org.eclipse.m2e.maven.runtime_3.8.701.20230209-1606/jars/maven-resolver-impl-1.6.3.jar
2023-05-04 11:41:00,192 [Worker-16: Launching mavenrun-8989b8de-4c43-45d2-9cee-89813ab14984] INFO  o.eclipse.m2e.core.internal.Bundles - 	Entry: /home/saurav/.p2/pool/plugins/org.eclipse.m2e.maven.runtime_3.8.701.20230209-1606/jars/maven-resolver-provider-3.8.7.jar
2023-05-04 11:41:00,193 [Worker-16: Launching mavenrun-8989b8de-4c43-45d2-9cee-89813ab14984] INFO  o.eclipse.m2e.core.internal.Bundles - 	Entry: /home/saurav/.p2/pool/plugins/org.eclipse.m2e.maven.runtime_3.8.701.20230209-1606/jars/maven-resolver-spi-1.6.3.jar
2023-05-04 11:41:00,193 [Worker-16: Launching mavenrun-8989b8de-4c43-45d2-9cee-89813ab14984] INFO  o.eclipse.m2e.core.internal.Bundles - 	Entry: /home/saurav/.p2/pool/plugins/org.eclipse.m2e.maven.runtime_3.8.701.20230209-1606/jars/maven-resolver-transport-wagon-1.6.3.jar
2023-05-04 11:41:00,193 [Worker-16: Launching mavenrun-8989b8de-4c43-45d2-9cee-89813ab14984] INFO  o.eclipse.m2e.core.internal.Bundles - 	Entry: /home/saurav/.p2/pool/plugins/org.eclipse.m2e.maven.runtime_3.8.701.20230209-1606/jars/maven-resolver-util-1.6.3.jar
2023-05-04 11:41:00,193 [Worker-16: Launching mavenrun-8989b8de-4c43-45d2-9cee-89813ab14984] INFO  o.eclipse.m2e.core.internal.Bundles - 	Entry: /home/saurav/.p2/pool/plugins/org.eclipse.m2e.maven.runtime_3.8.701.20230209-1606/jars/maven-settings-3.8.7.jar
2023-05-04 11:41:00,193 [Worker-16: Launching mavenrun-8989b8de-4c43-45d2-9cee-89813ab14984] INFO  o.eclipse.m2e.core.internal.Bundles - 	Entry: /home/saurav/.p2/pool/plugins/org.eclipse.m2e.maven.runtime_3.8.701.20230209-1606/jars/maven-settings-builder-3.8.7.jar
2023-05-04 11:41:00,193 [Worker-16: Launching mavenrun-8989b8de-4c43-45d2-9cee-89813ab14984] INFO  o.eclipse.m2e.core.internal.Bundles - 	Entry: /home/saurav/.p2/pool/plugins/org.eclipse.m2e.maven.runtime_3.8.701.20230209-1606/jars/maven-shared-utils-3.3.4.jar
2023-05-04 11:41:00,193 [Worker-16: Launching mavenrun-8989b8de-4c43-45d2-9cee-89813ab14984] INFO  o.eclipse.m2e.core.internal.Bundles - 	Entry: /home/saurav/.p2/pool/plugins/org.eclipse.m2e.maven.runtime_3.8.701.20230209-1606/jars/okhttp-3.14.1.jar
2023-05-04 11:41:00,193 [Worker-16: Launching mavenrun-8989b8de-4c43-45d2-9cee-89813ab14984] INFO  o.eclipse.m2e.core.internal.Bundles - 	Entry: /home/saurav/.p2/pool/plugins/org.eclipse.m2e.maven.runtime_3.8.701.20230209-1606/jars/okio-1.17.3.jar
2023-05-04 11:41:00,193 [Worker-16: Launching mavenrun-8989b8de-4c43-45d2-9cee-89813ab14984] INFO  o.eclipse.m2e.core.internal.Bundles - 	Entry: /home/saurav/.p2/pool/plugins/org.eclipse.m2e.maven.runtime_3.8.701.20230209-1606/jars/org.eclipse.sisu.inject-0.3.5.jar
2023-05-04 11:41:00,193 [Worker-16: Launching mavenrun-8989b8de-4c43-45d2-9cee-89813ab14984] INFO  o.eclipse.m2e.core.internal.Bundles - 	Entry: /home/saurav/.p2/pool/plugins/org.eclipse.m2e.maven.runtime_3.8.701.20230209-1606/jars/org.eclipse.sisu.plexus-0.3.5.jar
2023-05-04 11:41:00,193 [Worker-16: Launching mavenrun-8989b8de-4c43-45d2-9cee-89813ab14984] INFO  o.eclipse.m2e.core.internal.Bundles - 	Entry: /home/saurav/.p2/pool/plugins/org.eclipse.m2e.maven.runtime_3.8.701.20230209-1606/jars/plexus-build-api-0.0.7.jar
2023-05-04 11:41:00,193 [Worker-16: Launching mavenrun-8989b8de-4c43-45d2-9cee-89813ab14984] INFO  o.eclipse.m2e.core.internal.Bundles - 	Entry: /home/saurav/.p2/pool/plugins/org.eclipse.m2e.maven.runtime_3.8.701.20230209-1606/jars/plexus-cipher-2.0.jar
2023-05-04 11:41:00,193 [Worker-16: Launching mavenrun-8989b8de-4c43-45d2-9cee-89813ab14984] INFO  o.eclipse.m2e.core.internal.Bundles - 	Entry: /home/saurav/.p2/pool/plugins/org.eclipse.m2e.maven.runtime_3.8.701.20230209-1606/jars/plexus-classworlds-2.6.0.jar
2023-05-04 11:41:00,193 [Worker-16: Launching mavenrun-8989b8de-4c43-45d2-9cee-89813ab14984] INFO  o.eclipse.m2e.core.internal.Bundles - 	Entry: /home/saurav/.p2/pool/plugins/org.eclipse.m2e.maven.runtime_3.8.701.20230209-1606/jars/plexus-component-annotations-2.1.0.jar
2023-05-04 11:41:00,193 [Worker-16: Launching mavenrun-8989b8de-4c43-45d2-9cee-89813ab14984] INFO  o.eclipse.m2e.core.internal.Bundles - 	Entry: /home/saurav/.p2/pool/plugins/org.eclipse.m2e.maven.runtime_3.8.701.20230209-1606/jars/plexus-interpolation-1.26.jar
2023-05-04 11:41:00,193 [Worker-16: Launching mavenrun-8989b8de-4c43-45d2-9cee-89813ab14984] INFO  o.eclipse.m2e.core.internal.Bundles - 	Entry: /home/saurav/.p2/pool/plugins/org.eclipse.m2e.maven.runtime_3.8.701.20230209-1606/jars/plexus-sec-dispatcher-2.0.jar
2023-05-04 11:41:00,193 [Worker-16: Launching mavenrun-8989b8de-4c43-45d2-9cee-89813ab14984] INFO  o.eclipse.m2e.core.internal.Bundles - 	Entry: /home/saurav/.p2/pool/plugins/org.eclipse.m2e.maven.runtime_3.8.701.20230209-1606/jars/plexus-utils-3.3.1.jar
2023-05-04 11:41:00,193 [Worker-16: Launching mavenrun-8989b8de-4c43-45d2-9cee-89813ab14984] INFO  o.eclipse.m2e.core.internal.Bundles - 	Entry: /home/saurav/.p2/pool/plugins/org.eclipse.m2e.maven.runtime_3.8.701.20230209-1606/jars/wagon-file-3.5.3.jar
2023-05-04 11:41:00,193 [Worker-16: Launching mavenrun-8989b8de-4c43-45d2-9cee-89813ab14984] INFO  o.eclipse.m2e.core.internal.Bundles - 	Entry: /home/saurav/.p2/pool/plugins/org.eclipse.m2e.maven.runtime_3.8.701.20230209-1606/jars/wagon-provider-api-3.5.3.jar
2023-05-04 11:41:00,194 [Worker-16: Launching mavenrun-8989b8de-4c43-45d2-9cee-89813ab14984] INFO  o.eclipse.m2e.core.internal.Bundles - getClasspathEntries(Bundle=com.google.guava_31.1.0.jre [9])
2023-05-04 11:41:00,195 [Worker-16: Launching mavenrun-8989b8de-4c43-45d2-9cee-89813ab14984] INFO  o.eclipse.m2e.core.internal.Bundles - 	Entry: /home/saurav/.p2/pool/plugins/com.google.guava_31.1.0.jre.jar
2023-05-04 11:41:00,195 [Worker-16: Launching mavenrun-8989b8de-4c43-45d2-9cee-89813ab14984] INFO  o.eclipse.m2e.core.internal.Bundles - getClasspathEntries(Bundle=slf4j.api_1.7.36 [433])
2023-05-04 11:41:00,195 [Worker-16: Launching mavenrun-8989b8de-4c43-45d2-9cee-89813ab14984] INFO  o.eclipse.m2e.core.internal.Bundles - 	Entry: /home/saurav/.p2/pool/plugins/slf4j.api_1.7.36.jar
2023-05-04 11:41:00,195 [Worker-16: Launching mavenrun-8989b8de-4c43-45d2-9cee-89813ab14984] INFO  o.eclipse.m2e.core.internal.Bundles - getClasspathEntries(Bundle=javax.inject_1.0.0.v20220405-0441 [21])
2023-05-04 11:41:00,196 [Worker-16: Launching mavenrun-8989b8de-4c43-45d2-9cee-89813ab14984] INFO  o.eclipse.m2e.core.internal.Bundles - 	Entry: /home/saurav/.p2/pool/plugins/javax.inject_1.0.0.v20220405-0441.jar
2023-05-04 11:41:00,196 [Worker-16: Launching mavenrun-8989b8de-4c43-45d2-9cee-89813ab14984] INFO  o.eclipse.m2e.core.internal.Bundles - getClasspathEntries(Bundle=javax.annotation_1.3.5.v20221203-1659 [19])
2023-05-04 11:41:00,196 [Worker-16: Launching mavenrun-8989b8de-4c43-45d2-9cee-89813ab14984] INFO  o.eclipse.m2e.core.internal.Bundles - 	Entry: /home/saurav/.p2/pool/plugins/javax.annotation_1.3.5.v20221203-1659.jar
2023-05-04 11:41:00,196 [Worker-16: Launching mavenrun-8989b8de-4c43-45d2-9cee-89813ab14984] INFO  o.eclipse.m2e.core.internal.Bundles - getClasspathEntries(Bundle=org.apache.commons.cli_1.4.0.v20221112-0806 [41])
2023-05-04 11:41:00,197 [Worker-16: Launching mavenrun-8989b8de-4c43-45d2-9cee-89813ab14984] INFO  o.eclipse.m2e.core.internal.Bundles - 	Entry: /home/saurav/.p2/pool/plugins/org.apache.commons.cli_1.4.0.v20221112-0806.jar
2023-05-04 11:41:00,197 [Worker-16: Launching mavenrun-8989b8de-4c43-45d2-9cee-89813ab14984] INFO  o.eclipse.m2e.core.internal.Bundles - getClasspathEntries(Bundle=com.google.guava.failureaccess_1.0.1 [11])
2023-05-04 11:41:00,197 [Worker-16: Launching mavenrun-8989b8de-4c43-45d2-9cee-89813ab14984] INFO  o.eclipse.m2e.core.internal.Bundles - 	Entry: /home/saurav/.p2/pool/plugins/com.google.guava.failureaccess_1.0.1.jar
2023-05-04 11:41:00,203 [Worker-16: Launching mavenrun-8989b8de-4c43-45d2-9cee-89813ab14984] INFO  o.e.m.i.launch.MavenLaunchDelegate - Run build in "/tmp/m2e-archetypeGenerator9883497055615001991":
2023-05-04 11:41:00,205 [Worker-16: Launching mavenrun-8989b8de-4c43-45d2-9cee-89813ab14984] INFO  o.e.m.i.launch.MavenLaunchDelegate -  mvn  -DarchetypeGroupId=org.apache.maven.archetypes -DarchetypeArtifactId=maven-archetype-quickstart -DarchetypeVersion=1.1 -DgroupId=com.springorg -DartifactId=springorg -Dversion=0.0.1-SNAPSHOT -Dpackage=com.springorg -DoutputDirectory=/home/saurav/eclipse-workspace -Dstyle.color=always -U archetype:generate
2023-05-04 11:41:07,753 [Worker-0: Creating maven-archetype-quickstart] INFO  o.e.m.c.i.p.ProjectConfigurationManager - Collecting project info '/pom.xml' /home/saurav/eclipse-workspace/springorg/pom.xml
2023-05-04 11:41:08,179 [Worker-0: Creating maven-archetype-quickstart] INFO  o.e.m.c.i.l.LifecycleMappingFactory - Using org.eclipse.m2e.jdt.JarLifecycleMapping lifecycle mapping for MavenProject: com.springorg:springorg:0.0.1-SNAPSHOT @ /home/saurav/eclipse-workspace/springorg/pom.xml.
2023-05-04 11:41:08,450 [Worker-0: Creating maven-archetype-quickstart] INFO  o.e.m.j.i.AbstractJavaProjectConfigurator - Adding source folder /springorg/src/main/java
2023-05-04 11:41:08,452 [Worker-0: Creating maven-archetype-quickstart] INFO  o.e.m.j.i.AbstractJavaProjectConfigurator - Adding source folder /springorg/src/test/java
2023-05-04 11:41:08,502 [Worker-0: Creating maven-archetype-quickstart] INFO  o.e.m.c.i.p.ProjectConfigurationManager - Imported and configured 1 project(s) in 0 sec
2023-05-04 11:41:09,205 [Worker-21: Building] INFO  o.e.m.c.i.embedder.EclipseLogger - Using 'UTF-8' encoding to copy filtered resources.
2023-05-04 11:41:09,205 [Worker-21: Building] INFO  o.e.m.c.i.embedder.EclipseLogger - skip non existing resourceDirectory /home/saurav/eclipse-workspace/springorg/src/main/resources
2023-05-04 11:41:09,210 [Worker-21: Building] INFO  o.e.m.c.i.embedder.EclipseLogger - Using 'UTF-8' encoding to copy filtered resources.
2023-05-04 11:41:09,210 [Worker-21: Building] INFO  o.e.m.c.i.embedder.EclipseLogger - skip non existing resourceDirectory /home/saurav/eclipse-workspace/springorg/src/test/resources
2023-05-04 11:45:26,710 [Worker-22: Building] INFO  o.e.m.c.i.l.LifecycleMappingFactory - Using org.eclipse.m2e.jdt.JarLifecycleMapping lifecycle mapping for MavenProject: com.springorg:springorg:0.0.1-SNAPSHOT @ /home/saurav/eclipse-workspace/springorg/pom.xml.
2023-05-04 11:45:26,802 [Worker-22: Building] INFO  o.e.m.c.i.embedder.EclipseLogger - Using 'UTF-8' encoding to copy filtered resources.
2023-05-04 11:45:26,802 [Worker-22: Building] INFO  o.e.m.c.i.embedder.EclipseLogger - skip non existing resourceDirectory /home/saurav/eclipse-workspace/springorg/src/main/resources
2023-05-04 11:45:26,805 [Worker-22: Building] INFO  o.e.m.c.i.embedder.EclipseLogger - Using 'UTF-8' encoding to copy filtered resources.
2023-05-04 11:45:26,805 [Worker-22: Building] INFO  o.e.m.c.i.embedder.EclipseLogger - skip non existing resourceDirectory /home/saurav/eclipse-workspace/springorg/src/test/resources
2023-05-04 11:47:06,844 [Worker-2: Loading available Gradle versions] INFO  o.e.b.c.i.u.g.PublishedGradleVersions - Gradle version information cache is up-to-date. Trying to read.
2023-05-04 11:51:25,686 [Worker-0: Building] INFO  o.e.m.c.i.l.LifecycleMappingFactory - Using org.eclipse.m2e.jdt.JarLifecycleMapping lifecycle mapping for MavenProject: com.springorg:springorg:0.0.1-SNAPSHOT @ /home/saurav/eclipse-workspace/springorg/pom.xml.
2023-05-04 11:51:26,024 [Worker-0: Building] INFO  o.e.m.c.i.embedder.EclipseLogger - Using 'UTF-8' encoding to copy filtered resources.
2023-05-04 11:51:26,024 [Worker-0: Building] INFO  o.e.m.c.i.embedder.EclipseLogger - skip non existing resourceDirectory /home/saurav/eclipse-workspace/springorg/src/main/resources
2023-05-04 11:51:26,028 [Worker-0: Building] INFO  o.e.m.c.i.embedder.EclipseLogger - Using 'UTF-8' encoding to copy filtered resources.
2023-05-04 11:51:26,028 [Worker-0: Building] INFO  o.e.m.c.i.embedder.EclipseLogger - skip non existing resourceDirectory /home/saurav/eclipse-workspace/springorg/src/test/resources
2023-05-04 11:51:27,083 [Worker-5: Download sources and javadoc] INFO  o.e.m.c.i.e.AbstractTransferListenerAdapter - Downloading https://repo.maven.apache.org/maven2/org/hibernate/hibernate-core/5.6.15.Final/hibernate-core-5.6.15.Final-sources.jar
2023-05-04 11:51:27,620 [Worker-5: Download sources and javadoc] INFO  o.e.m.c.i.e.AbstractTransferListenerAdapter - Downloaded https://repo.maven.apache.org/maven2/org/hibernate/hibernate-core/5.6.15.Final/hibernate-core-5.6.15.Final-sources.jar
2023-05-04 11:51:27,623 [Worker-5: Download sources and javadoc] INFO  o.e.m.j.internal.DownloadSourcesJob - Downloaded sources for org.hibernate:hibernate-core:5.6.15.Final
2023-05-04 11:51:27,680 [Worker-5: Download sources and javadoc] INFO  o.e.m.c.i.e.AbstractTransferListenerAdapter - Downloading https://repo.maven.apache.org/maven2/org/jboss/logging/jboss-logging/3.4.3.Final/jboss-logging-3.4.3.Final-sources.jar
2023-05-04 11:51:27,707 [Worker-5: Download sources and javadoc] INFO  o.e.m.c.i.e.AbstractTransferListenerAdapter - Downloaded https://repo.maven.apache.org/maven2/org/jboss/logging/jboss-logging/3.4.3.Final/jboss-logging-3.4.3.Final-sources.jar
2023-05-04 11:51:27,709 [Worker-5: Download sources and javadoc] INFO  o.e.m.j.internal.DownloadSourcesJob - Downloaded sources for org.jboss.logging:jboss-logging:3.4.3.Final
2023-05-04 11:51:27,743 [Worker-5: Download sources and javadoc] INFO  o.e.m.c.i.e.AbstractTransferListenerAdapter - Downloading https://repo.maven.apache.org/maven2/javax/persistence/javax.persistence-api/2.2/javax.persistence-api-2.2-sources.jar
2023-05-04 11:51:27,862 [Worker-5: Download sources and javadoc] INFO  o.e.m.c.i.e.AbstractTransferListenerAdapter - Downloaded https://repo.maven.apache.org/maven2/javax/persistence/javax.persistence-api/2.2/javax.persistence-api-2.2-sources.jar
2023-05-04 11:51:27,872 [Worker-5: Download sources and javadoc] INFO  o.e.m.j.internal.DownloadSourcesJob - Downloaded sources for javax.persistence:javax.persistence-api:2.2
2023-05-04 11:51:27,906 [Worker-5: Download sources and javadoc] INFO  o.e.m.c.i.e.AbstractTransferListenerAdapter - Downloading https://repo.maven.apache.org/maven2/net/bytebuddy/byte-buddy/1.12.18/byte-buddy-1.12.18-sources.jar
2023-05-04 11:51:28,008 [Worker-5: Download sources and javadoc] INFO  o.e.m.c.i.e.AbstractTransferListenerAdapter - Downloaded https://repo.maven.apache.org/maven2/net/bytebuddy/byte-buddy/1.12.18/byte-buddy-1.12.18-sources.jar
2023-05-04 11:51:28,009 [Worker-5: Download sources and javadoc] INFO  o.e.m.j.internal.DownloadSourcesJob - Downloaded sources for net.bytebuddy:byte-buddy:1.12.18
2023-05-04 11:51:28,041 [Worker-5: Download sources and javadoc] INFO  o.e.m.c.i.e.AbstractTransferListenerAdapter - Downloaded https://repo.maven.apache.org/maven2/antlr/antlr/2.7.7/antlr-2.7.7-sources.jar
2023-05-04 11:51:28,046 [Worker-5: Download sources and javadoc] ERROR o.e.m.j.internal.DownloadSourcesJob - Could not download sources for antlr:antlr:2.7.7
org.eclipse.core.runtime.CoreException: Could not resolve artifact antlr:antlr:jar:sources:2.7.7
	at org.eclipse.m2e.core.internal.embedder.MavenImpl.lambda$6(MavenImpl.java:584)
	at org.eclipse.m2e.core.internal.embedder.MavenExecutionContext.executeBare(MavenExecutionContext.java:394)
	at org.eclipse.m2e.core.internal.embedder.MavenExecutionContext.execute(MavenExecutionContext.java:228)
	at org.eclipse.m2e.core.internal.embedder.MavenExecutionContext.execute(MavenExecutionContext.java:214)
	at org.eclipse.m2e.core.internal.embedder.MavenImpl.resolve(MavenImpl.java:553)
	at org.eclipse.m2e.core.internal.embedder.MavenImpl.resolve(MavenImpl.java:538)
	at org.eclipse.m2e.jdt.internal.DownloadSourcesJob.download(DownloadSourcesJob.java:308)
	at org.eclipse.m2e.jdt.internal.DownloadSourcesJob.downloadAttachments(DownloadSourcesJob.java:282)
	at org.eclipse.m2e.jdt.internal.DownloadSourcesJob.downloadMaven(DownloadSourcesJob.java:252)
	at org.eclipse.m2e.jdt.internal.DownloadSourcesJob.downloadFilesAndPopulateToUpdate(DownloadSourcesJob.java:220)
	at org.eclipse.m2e.jdt.internal.DownloadSourcesJob.lambda$0(DownloadSourcesJob.java:149)
	at org.eclipse.m2e.core.internal.embedder.MavenExecutionContext.executeBare(MavenExecutionContext.java:394)
	at org.eclipse.m2e.core.internal.embedder.MavenExecutionContext.execute(MavenExecutionContext.java:275)
	at org.eclipse.m2e.core.internal.embedder.MavenExecutionContext.execute(MavenExecutionContext.java:214)
	at org.eclipse.m2e.core.embedder.IMaven.execute(IMaven.java:294)
	at org.eclipse.m2e.jdt.internal.DownloadSourcesJob.run(DownloadSourcesJob.java:149)
	at org.eclipse.core.internal.jobs.Worker.run(Worker.java:63)
2023-05-04 11:51:28,081 [Worker-5: Download sources and javadoc] INFO  o.e.m.c.i.e.AbstractTransferListenerAdapter - Downloading https://repo.maven.apache.org/maven2/org/jboss/spec/javax/transaction/jboss-transaction-api_1.2_spec/1.1.1.Final/jboss-transaction-api_1.2_spec-1.1.1.Final-sources.jar
2023-05-04 11:51:28,091 [Worker-5: Download sources and javadoc] INFO  o.e.m.c.i.e.AbstractTransferListenerAdapter - Downloaded https://repo.maven.apache.org/maven2/org/jboss/spec/javax/transaction/jboss-transaction-api_1.2_spec/1.1.1.Final/jboss-transaction-api_1.2_spec-1.1.1.Final-sources.jar
2023-05-04 11:51:28,092 [Worker-5: Download sources and javadoc] INFO  o.e.m.j.internal.DownloadSourcesJob - Downloaded sources for org.jboss.spec.javax.transaction:jboss-transaction-api_1.2_spec:1.1.1.Final
2023-05-04 11:51:28,128 [Worker-5: Download sources and javadoc] INFO  o.e.m.c.i.e.AbstractTransferListenerAdapter - Downloading https://repo.maven.apache.org/maven2/org/jboss/jandex/2.4.2.Final/jandex-2.4.2.Final-sources.jar
2023-05-04 11:51:29,041 [Worker-5: Download sources and javadoc] INFO  o.e.m.c.i.e.AbstractTransferListenerAdapter - Downloaded https://repo.maven.apache.org/maven2/org/jboss/jandex/2.4.2.Final/jandex-2.4.2.Final-sources.jar
2023-05-04 11:51:29,043 [Worker-5: Download sources and javadoc] INFO  o.e.m.j.internal.DownloadSourcesJob - Downloaded sources for org.jboss:jandex:2.4.2.Final
2023-05-04 11:51:29,103 [Worker-5: Download sources and javadoc] INFO  o.e.m.c.i.e.AbstractTransferListenerAdapter - Downloading https://repo.maven.apache.org/maven2/com/fasterxml/classmate/1.5.1/classmate-1.5.1-sources.jar
2023-05-04 11:51:29,523 [Worker-5: Download sources and javadoc] INFO  o.e.m.c.i.e.AbstractTransferListenerAdapter - Downloaded https://repo.maven.apache.org/maven2/com/fasterxml/classmate/1.5.1/classmate-1.5.1-sources.jar
2023-05-04 11:51:29,524 [Worker-5: Download sources and javadoc] INFO  o.e.m.j.internal.DownloadSourcesJob - Downloaded sources for com.fasterxml:classmate:1.5.1
2023-05-04 11:51:29,585 [Worker-5: Download sources and javadoc] INFO  o.e.m.c.i.e.AbstractTransferListenerAdapter - Downloading https://repo.maven.apache.org/maven2/javax/activation/javax.activation-api/1.2.0/javax.activation-api-1.2.0-sources.jar
2023-05-04 11:51:29,614 [Worker-5: Download sources and javadoc] INFO  o.e.m.c.i.e.AbstractTransferListenerAdapter - Downloaded https://repo.maven.apache.org/maven2/javax/activation/javax.activation-api/1.2.0/javax.activation-api-1.2.0-sources.jar
2023-05-04 11:51:29,616 [Worker-5: Download sources and javadoc] INFO  o.e.m.j.internal.DownloadSourcesJob - Downloaded sources for javax.activation:javax.activation-api:1.2.0
2023-05-04 11:51:29,645 [Worker-5: Download sources and javadoc] INFO  o.e.m.c.i.e.AbstractTransferListenerAdapter - Downloading https://repo.maven.apache.org/maven2/org/hibernate/common/hibernate-commons-annotations/5.1.2.Final/hibernate-commons-annotations-5.1.2.Final-sources.jar
2023-05-04 11:51:29,659 [Worker-5: Download sources and javadoc] INFO  o.e.m.c.i.e.AbstractTransferListenerAdapter - Downloaded https://repo.maven.apache.org/maven2/org/hibernate/common/hibernate-commons-annotations/5.1.2.Final/hibernate-commons-annotations-5.1.2.Final-sources.jar
2023-05-04 11:51:29,660 [Worker-5: Download sources and javadoc] INFO  o.e.m.j.internal.DownloadSourcesJob - Downloaded sources for org.hibernate.common:hibernate-commons-annotations:5.1.2.Final
2023-05-04 11:51:29,698 [Worker-5: Download sources and javadoc] INFO  o.e.m.c.i.e.AbstractTransferListenerAdapter - Downloading https://repo.maven.apache.org/maven2/javax/xml/bind/jaxb-api/2.3.1/jaxb-api-2.3.1-sources.jar
2023-05-04 11:51:30,910 [Worker-5: Download sources and javadoc] INFO  o.e.m.c.i.e.AbstractTransferListenerAdapter - Downloaded https://repo.maven.apache.org/maven2/javax/xml/bind/jaxb-api/2.3.1/jaxb-api-2.3.1-sources.jar
2023-05-04 11:51:30,912 [Worker-5: Download sources and javadoc] INFO  o.e.m.j.internal.DownloadSourcesJob - Downloaded sources for javax.xml.bind:jaxb-api:2.3.1
2023-05-04 11:51:30,953 [Worker-5: Download sources and javadoc] INFO  o.e.m.c.i.e.AbstractTransferListenerAdapter - Downloading https://repo.maven.apache.org/maven2/org/glassfish/jaxb/jaxb-runtime/2.3.1/jaxb-runtime-2.3.1-sources.jar
2023-05-04 11:51:39,978 [Worker-5: Download sources and javadoc] INFO  o.e.m.c.i.e.AbstractTransferListenerAdapter - Downloaded https://repo.maven.apache.org/maven2/org/glassfish/jaxb/jaxb-runtime/2.3.1/jaxb-runtime-2.3.1-sources.jar
2023-05-04 11:51:39,980 [Worker-5: Download sources and javadoc] INFO  o.e.m.j.internal.DownloadSourcesJob - Downloaded sources for org.glassfish.jaxb:jaxb-runtime:2.3.1
2023-05-04 11:51:40,039 [Worker-5: Download sources and javadoc] INFO  o.e.m.c.i.e.AbstractTransferListenerAdapter - Downloading https://repo.maven.apache.org/maven2/org/glassfish/jaxb/txw2/2.3.1/txw2-2.3.1-sources.jar
2023-05-04 11:51:40,062 [Worker-5: Download sources and javadoc] INFO  o.e.m.c.i.e.AbstractTransferListenerAdapter - Downloaded https://repo.maven.apache.org/maven2/org/glassfish/jaxb/txw2/2.3.1/txw2-2.3.1-sources.jar
2023-05-04 11:51:40,063 [Worker-5: Download sources and javadoc] INFO  o.e.m.j.internal.DownloadSourcesJob - Downloaded sources for org.glassfish.jaxb:txw2:2.3.1
2023-05-04 11:51:40,098 [Worker-5: Download sources and javadoc] INFO  o.e.m.c.i.e.AbstractTransferListenerAdapter - Downloading https://repo.maven.apache.org/maven2/com/sun/istack/istack-commons-runtime/3.0.7/istack-commons-runtime-3.0.7-sources.jar
2023-05-04 11:51:40,115 [Worker-5: Download sources and javadoc] INFO  o.e.m.c.i.e.AbstractTransferListenerAdapter - Downloaded https://repo.maven.apache.org/maven2/com/sun/istack/istack-commons-runtime/3.0.7/istack-commons-runtime-3.0.7-sources.jar
2023-05-04 11:51:40,117 [Worker-5: Download sources and javadoc] INFO  o.e.m.j.internal.DownloadSourcesJob - Downloaded sources for com.sun.istack:istack-commons-runtime:3.0.7
2023-05-04 11:51:40,150 [Worker-5: Download sources and javadoc] INFO  o.e.m.c.i.e.AbstractTransferListenerAdapter - Downloading https://repo.maven.apache.org/maven2/org/jvnet/staxex/stax-ex/1.8/stax-ex-1.8-sources.jar
2023-05-04 11:51:40,169 [Worker-5: Download sources and javadoc] INFO  o.e.m.c.i.e.AbstractTransferListenerAdapter - Downloaded https://repo.maven.apache.org/maven2/org/jvnet/staxex/stax-ex/1.8/stax-ex-1.8-sources.jar
2023-05-04 11:51:40,172 [Worker-5: Download sources and javadoc] INFO  o.e.m.j.internal.DownloadSourcesJob - Downloaded sources for org.jvnet.staxex:stax-ex:1.8
2023-05-04 11:51:40,206 [Worker-5: Download sources and javadoc] INFO  o.e.m.c.i.e.AbstractTransferListenerAdapter - Downloading https://repo.maven.apache.org/maven2/com/sun/xml/fastinfoset/FastInfoset/1.2.15/FastInfoset-1.2.15-sources.jar
2023-05-04 11:51:40,239 [Worker-5: Download sources and javadoc] INFO  o.e.m.c.i.e.AbstractTransferListenerAdapter - Downloaded https://repo.maven.apache.org/maven2/com/sun/xml/fastinfoset/FastInfoset/1.2.15/FastInfoset-1.2.15-sources.jar
2023-05-04 11:51:40,240 [Worker-5: Download sources and javadoc] INFO  o.e.m.j.internal.DownloadSourcesJob - Downloaded sources for com.sun.xml.fastinfoset:FastInfoset:1.2.15
2023-05-04 11:53:04,281 [Worker-24: Building] INFO  o.e.m.c.i.embedder.EclipseLogger - Using 'UTF-8' encoding to copy filtered resources.
2023-05-04 11:53:04,281 [Worker-24: Building] INFO  o.e.m.c.i.embedder.EclipseLogger - skip non existing resourceDirectory /home/saurav/eclipse-workspace/springorg/src/main/resources
2023-05-04 11:53:04,287 [Worker-24: Building] INFO  o.e.m.c.i.embedder.EclipseLogger - Using 'UTF-8' encoding to copy filtered resources.
2023-05-04 11:53:04,287 [Worker-24: Building] INFO  o.e.m.c.i.embedder.EclipseLogger - skip non existing resourceDirectory /home/saurav/eclipse-workspace/springorg/src/test/resources
2023-05-04 11:53:22,554 [Worker-25: Building] INFO  o.e.m.c.i.embedder.EclipseLogger - Using 'UTF-8' encoding to copy filtered resources.
2023-05-04 11:53:22,555 [Worker-25: Building] INFO  o.e.m.c.i.embedder.EclipseLogger - skip non existing resourceDirectory /home/saurav/eclipse-workspace/springorg/src/main/resources
2023-05-04 11:53:22,558 [Worker-25: Building] INFO  o.e.m.c.i.embedder.EclipseLogger - Using 'UTF-8' encoding to copy filtered resources.
2023-05-04 11:53:22,558 [Worker-25: Building] INFO  o.e.m.c.i.embedder.EclipseLogger - skip non existing resourceDirectory /home/saurav/eclipse-workspace/springorg/src/test/resources
2023-05-04 11:53:50,816 [Worker-24: Building] INFO  o.e.m.c.i.embedder.EclipseLogger - Using 'UTF-8' encoding to copy filtered resources.
2023-05-04 11:53:50,816 [Worker-24: Building] INFO  o.e.m.c.i.embedder.EclipseLogger - skip non existing resourceDirectory /home/saurav/eclipse-workspace/springorg/src/main/resources
2023-05-04 11:53:50,818 [Worker-24: Building] INFO  o.e.m.c.i.embedder.EclipseLogger - Using 'UTF-8' encoding to copy filtered resources.
2023-05-04 11:53:50,818 [Worker-24: Building] INFO  o.e.m.c.i.embedder.EclipseLogger - skip non existing resourceDirectory /home/saurav/eclipse-workspace/springorg/src/test/resources
2023-05-04 12:01:02,433 [Worker-26: Building] INFO  o.e.m.c.i.embedder.EclipseLogger - Using 'UTF-8' encoding to copy filtered resources.
2023-05-04 12:01:02,433 [Worker-26: Building] INFO  o.e.m.c.i.embedder.EclipseLogger - skip non existing resourceDirectory /home/saurav/eclipse-workspace/springorg/src/main/resources
2023-05-04 12:01:02,435 [Worker-26: Building] INFO  o.e.m.c.i.embedder.EclipseLogger - Using 'UTF-8' encoding to copy filtered resources.
2023-05-04 12:01:02,435 [Worker-26: Building] INFO  o.e.m.c.i.embedder.EclipseLogger - skip non existing resourceDirectory /home/saurav/eclipse-workspace/springorg/src/test/resources
2023-05-04 12:01:43,794 [Worker-26: Building] INFO  o.e.m.c.i.embedder.EclipseLogger - Using 'UTF-8' encoding to copy filtered resources.
2023-05-04 12:01:43,794 [Worker-26: Building] INFO  o.e.m.c.i.embedder.EclipseLogger - skip non existing resourceDirectory /home/saurav/eclipse-workspace/springorg/src/main/resources
2023-05-04 12:01:43,795 [Worker-26: Building] INFO  o.e.m.c.i.embedder.EclipseLogger - Using 'UTF-8' encoding to copy filtered resources.
2023-05-04 12:01:43,796 [Worker-26: Building] INFO  o.e.m.c.i.embedder.EclipseLogger - skip non existing resourceDirectory /home/saurav/eclipse-workspace/springorg/src/test/resources
2023-05-04 12:04:19,441 [Worker-25: Building] INFO  o.e.m.c.i.embedder.EclipseLogger - Using 'UTF-8' encoding to copy filtered resources.
2023-05-04 12:04:19,441 [Worker-25: Building] INFO  o.e.m.c.i.embedder.EclipseLogger - skip non existing resourceDirectory /home/saurav/eclipse-workspace/springorg/src/main/resources
2023-05-04 12:04:19,445 [Worker-25: Building] INFO  o.e.m.c.i.embedder.EclipseLogger - Using 'UTF-8' encoding to copy filtered resources.
2023-05-04 12:04:19,445 [Worker-25: Building] INFO  o.e.m.c.i.embedder.EclipseLogger - skip non existing resourceDirectory /home/saurav/eclipse-workspace/springorg/src/test/resources
2023-05-04 12:08:20,258 [Worker-30: Building] INFO  o.e.m.c.i.embedder.EclipseLogger - Using 'UTF-8' encoding to copy filtered resources.
2023-05-04 12:08:20,258 [Worker-30: Building] INFO  o.e.m.c.i.embedder.EclipseLogger - skip non existing resourceDirectory /home/saurav/eclipse-workspace/springorg/src/main/resources
2023-05-04 12:08:20,262 [Worker-30: Building] INFO  o.e.m.c.i.embedder.EclipseLogger - Using 'UTF-8' encoding to copy filtered resources.
2023-05-04 12:08:20,262 [Worker-30: Building] INFO  o.e.m.c.i.embedder.EclipseLogger - skip non existing resourceDirectory /home/saurav/eclipse-workspace/springorg/src/test/resources
2023-05-04 12:08:31,693 [Worker-28: Building] INFO  o.e.m.c.i.embedder.EclipseLogger - Using 'UTF-8' encoding to copy filtered resources.
2023-05-04 12:08:31,693 [Worker-28: Building] INFO  o.e.m.c.i.embedder.EclipseLogger - skip non existing resourceDirectory /home/saurav/eclipse-workspace/springorg/src/main/resources
2023-05-04 12:08:31,696 [Worker-28: Building] INFO  o.e.m.c.i.embedder.EclipseLogger - Using 'UTF-8' encoding to copy filtered resources.
2023-05-04 12:08:31,696 [Worker-28: Building] INFO  o.e.m.c.i.embedder.EclipseLogger - skip non existing resourceDirectory /home/saurav/eclipse-workspace/springorg/src/test/resources
2023-05-04 12:35:06,279 [Worker-37: Building] INFO  o.e.m.c.i.embedder.EclipseLogger - Using 'UTF-8' encoding to copy filtered resources.
2023-05-04 12:35:06,279 [Worker-37: Building] INFO  o.e.m.c.i.embedder.EclipseLogger - skip non existing resourceDirectory /home/saurav/eclipse-workspace/springorg/src/main/resources
2023-05-04 12:35:06,282 [Worker-37: Building] INFO  o.e.m.c.i.embedder.EclipseLogger - Using 'UTF-8' encoding to copy filtered resources.
2023-05-04 12:35:06,282 [Worker-37: Building] INFO  o.e.m.c.i.embedder.EclipseLogger - skip non existing resourceDirectory /home/saurav/eclipse-workspace/springorg/src/test/resources
2023-05-04 12:54:28,108 [Worker-40: Building] INFO  o.e.m.c.i.embedder.EclipseLogger - Using 'UTF-8' encoding to copy filtered resources.
2023-05-04 12:54:28,108 [Worker-40: Building] INFO  o.e.m.c.i.embedder.EclipseLogger - skip non existing resourceDirectory /home/saurav/eclipse-workspace/springorg/src/main/resources
2023-05-04 12:54:28,111 [Worker-40: Building] INFO  o.e.m.c.i.embedder.EclipseLogger - Using 'UTF-8' encoding to copy filtered resources.
2023-05-04 12:54:28,111 [Worker-40: Building] INFO  o.e.m.c.i.embedder.EclipseLogger - skip non existing resourceDirectory /home/saurav/eclipse-workspace/springorg/src/test/resources
2023-05-04 12:54:51,848 [Worker-37: Launching App] INFO  o.e.m.c.i.embedder.EclipseLogger - Using 'UTF-8' encoding to copy filtered resources.
2023-05-04 12:54:51,848 [Worker-37: Launching App] INFO  o.e.m.c.i.embedder.EclipseLogger - skip non existing resourceDirectory /home/saurav/eclipse-workspace/springorg/src/main/resources
2023-05-04 12:54:51,851 [Worker-37: Launching App] INFO  o.e.m.c.i.embedder.EclipseLogger - Using 'UTF-8' encoding to copy filtered resources.
2023-05-04 12:54:51,851 [Worker-37: Launching App] INFO  o.e.m.c.i.embedder.EclipseLogger - skip non existing resourceDirectory /home/saurav/eclipse-workspace/springorg/src/test/resources
2023-05-04 12:54:54,827 [Worker-40: Download sources and javadoc] INFO  o.e.m.c.i.e.AbstractTransferListenerAdapter - Downloaded https://repo.maven.apache.org/maven2/antlr/antlr/2.7.7/antlr-2.7.7-javadoc.jar
2023-05-04 12:54:54,831 [Worker-40: Download sources and javadoc] ERROR o.e.m.j.internal.DownloadSourcesJob - Could not download javadoc for antlr:antlr:2.7.7
org.eclipse.core.runtime.CoreException: Could not resolve artifact antlr:antlr:jar:javadoc:2.7.7
	at org.eclipse.m2e.core.internal.embedder.MavenImpl.lambda$6(MavenImpl.java:584)
	at org.eclipse.m2e.core.internal.embedder.MavenExecutionContext.executeBare(MavenExecutionContext.java:394)
	at org.eclipse.m2e.core.internal.embedder.MavenExecutionContext.execute(MavenExecutionContext.java:228)
	at org.eclipse.m2e.core.internal.embedder.MavenExecutionContext.execute(MavenExecutionContext.java:214)
	at org.eclipse.m2e.core.internal.embedder.MavenImpl.resolve(MavenImpl.java:553)
	at org.eclipse.m2e.core.internal.embedder.MavenImpl.resolve(MavenImpl.java:538)
	at org.eclipse.m2e.jdt.internal.DownloadSourcesJob.download(DownloadSourcesJob.java:308)
	at org.eclipse.m2e.jdt.internal.DownloadSourcesJob.downloadAttachments(DownloadSourcesJob.java:294)
	at org.eclipse.m2e.jdt.internal.DownloadSourcesJob.downloadMaven(DownloadSourcesJob.java:252)
	at org.eclipse.m2e.jdt.internal.DownloadSourcesJob.downloadFilesAndPopulateToUpdate(DownloadSourcesJob.java:220)
	at org.eclipse.m2e.jdt.internal.DownloadSourcesJob.lambda$0(DownloadSourcesJob.java:149)
	at org.eclipse.m2e.core.internal.embedder.MavenExecutionContext.executeBare(MavenExecutionContext.java:394)
	at org.eclipse.m2e.core.internal.embedder.MavenExecutionContext.execute(MavenExecutionContext.java:275)
	at org.eclipse.m2e.core.internal.embedder.MavenExecutionContext.execute(MavenExecutionContext.java:214)
	at org.eclipse.m2e.core.embedder.IMaven.execute(IMaven.java:294)
	at org.eclipse.m2e.jdt.internal.DownloadSourcesJob.run(DownloadSourcesJob.java:149)
	at org.eclipse.core.internal.jobs.Worker.run(Worker.java:63)
2023-05-04 13:02:13,017 [Worker-41: Building] INFO  o.e.m.c.i.l.LifecycleMappingFactory - Using org.eclipse.m2e.jdt.JarLifecycleMapping lifecycle mapping for MavenProject: com.springorg:springorg:0.0.1-SNAPSHOT @ /home/saurav/eclipse-workspace/springorg/pom.xml.
2023-05-04 13:02:13,121 [Worker-41: Building] INFO  o.e.m.c.i.embedder.EclipseLogger - Using 'UTF-8' encoding to copy filtered resources.
2023-05-04 13:02:13,121 [Worker-41: Building] INFO  o.e.m.c.i.embedder.EclipseLogger - skip non existing resourceDirectory /home/saurav/eclipse-workspace/springorg/src/main/resources
2023-05-04 13:02:13,124 [Worker-41: Building] INFO  o.e.m.c.i.embedder.EclipseLogger - Using 'UTF-8' encoding to copy filtered resources.
2023-05-04 13:02:13,124 [Worker-41: Building] INFO  o.e.m.c.i.embedder.EclipseLogger - skip non existing resourceDirectory /home/saurav/eclipse-workspace/springorg/src/test/resources
2023-05-04 13:02:14,150 [Worker-41: Download sources and javadoc] INFO  o.e.m.c.i.e.AbstractTransferListenerAdapter - Downloading https://repo.maven.apache.org/maven2/mysql/mysql-connector-java/8.0.20/mysql-connector-java-8.0.20-sources.jar
2023-05-04 13:02:14,339 [Worker-41: Download sources and javadoc] INFO  o.e.m.c.i.e.AbstractTransferListenerAdapter - Downloaded https://repo.maven.apache.org/maven2/mysql/mysql-connector-java/8.0.20/mysql-connector-java-8.0.20-sources.jar
2023-05-04 13:02:14,340 [Worker-41: Download sources and javadoc] INFO  o.e.m.j.internal.DownloadSourcesJob - Downloaded sources for mysql:mysql-connector-java:8.0.20
2023-05-04 13:02:14,373 [Worker-41: Download sources and javadoc] INFO  o.e.m.c.i.e.AbstractTransferListenerAdapter - Downloading https://repo.maven.apache.org/maven2/com/google/protobuf/protobuf-java/3.6.1/protobuf-java-3.6.1-sources.jar
2023-05-04 13:02:39,030 [Worker-41: Download sources and javadoc] INFO  o.e.m.c.i.e.AbstractTransferListenerAdapter - Downloaded https://repo.maven.apache.org/maven2/com/google/protobuf/protobuf-java/3.6.1/protobuf-java-3.6.1-sources.jar
2023-05-04 13:02:39,031 [Worker-41: Download sources and javadoc] INFO  o.e.m.j.internal.DownloadSourcesJob - Downloaded sources for com.google.protobuf:protobuf-java:3.6.1
2023-05-04 13:04:11,253 [Worker-45: Launching App] INFO  o.e.m.c.i.embedder.EclipseLogger - Using 'UTF-8' encoding to copy filtered resources.
2023-05-04 13:04:11,254 [Worker-45: Launching App] INFO  o.e.m.c.i.embedder.EclipseLogger - skip non existing resourceDirectory /home/saurav/eclipse-workspace/springorg/src/main/resources
2023-05-04 13:04:11,256 [Worker-45: Launching App] INFO  o.e.m.c.i.embedder.EclipseLogger - Using 'UTF-8' encoding to copy filtered resources.
2023-05-04 13:04:11,257 [Worker-45: Launching App] INFO  o.e.m.c.i.embedder.EclipseLogger - skip non existing resourceDirectory /home/saurav/eclipse-workspace/springorg/src/test/resources
2023-05-04 13:07:36,766 [Worker-50: Launching App] INFO  o.e.m.c.i.embedder.EclipseLogger - Using 'UTF-8' encoding to copy filtered resources.
2023-05-04 13:07:36,767 [Worker-50: Launching App] INFO  o.e.m.c.i.embedder.EclipseLogger - skip non existing resourceDirectory /home/saurav/eclipse-workspace/springorg/src/main/resources
2023-05-04 13:07:36,769 [Worker-50: Launching App] INFO  o.e.m.c.i.embedder.EclipseLogger - Using 'UTF-8' encoding to copy filtered resources.
2023-05-04 13:07:36,769 [Worker-50: Launching App] INFO  o.e.m.c.i.embedder.EclipseLogger - skip non existing resourceDirectory /home/saurav/eclipse-workspace/springorg/src/test/resources
2023-05-04 13:10:17,909 [Worker-54: Building] INFO  o.e.m.c.i.embedder.EclipseLogger - Using 'UTF-8' encoding to copy filtered resources.
2023-05-04 13:10:17,909 [Worker-54: Building] INFO  o.e.m.c.i.embedder.EclipseLogger - skip non existing resourceDirectory /home/saurav/eclipse-workspace/springorg/src/main/resources
2023-05-04 13:10:17,911 [Worker-54: Building] INFO  o.e.m.c.i.embedder.EclipseLogger - Using 'UTF-8' encoding to copy filtered resources.
2023-05-04 13:10:17,911 [Worker-54: Building] INFO  o.e.m.c.i.embedder.EclipseLogger - skip non existing resourceDirectory /home/saurav/eclipse-workspace/springorg/src/test/resources
2023-05-04 13:11:13,100 [Worker-56: Building] INFO  o.e.m.c.i.embedder.EclipseLogger - Using 'UTF-8' encoding to copy filtered resources.
2023-05-04 13:11:13,100 [Worker-56: Building] INFO  o.e.m.c.i.embedder.EclipseLogger - skip non existing resourceDirectory /home/saurav/eclipse-workspace/springorg/src/main/resources
2023-05-04 13:11:13,103 [Worker-56: Building] INFO  o.e.m.c.i.embedder.EclipseLogger - Using 'UTF-8' encoding to copy filtered resources.
2023-05-04 13:11:13,103 [Worker-56: Building] INFO  o.e.m.c.i.embedder.EclipseLogger - skip non existing resourceDirectory /home/saurav/eclipse-workspace/springorg/src/test/resources
